TN:
SF:/Users/localadmin/workspace/SportsAndSocial/app.js
FN:42,(anonymous_0)
FN:47,(anonymous_1)
FNF:2
FNH:2
FNDA:3,(anonymous_0)
FNDA:4,(anonymous_1)
DA:1,1
DA:2,1
DA:3,1
DA:4,1
DA:5,1
DA:6,1
DA:7,1
DA:8,1
DA:9,1
DA:10,1
DA:11,1
DA:12,1
DA:13,1
DA:16,1
DA:17,1
DA:19,1
DA:21,1
DA:22,1
DA:23,1
DA:26,1
DA:29,1
DA:32,1
DA:33,1
DA:35,1
DA:36,1
DA:37,1
DA:39,1
DA:42,1
DA:43,3
DA:47,1
DA:49,4
DA:50,4
DA:53,4
DA:54,4
DA:57,1
LF:35
LH:35
BRDA:50,0,0,4
BRDA:50,0,1,0
BRDA:53,1,0,4
BRDA:53,1,1,1
BRF:4
BRH:3
end_of_record
TN:
SF:/Users/localadmin/workspace/SportsAndSocial/models/event.js
FNF:0
FNH:0
DA:1,1
DA:2,1
DA:5,1
DA:72,1
DA:74,1
LF:5
LH:5
BRF:0
BRH:0
end_of_record
TN:
SF:/Users/localadmin/workspace/SportsAndSocial/models/members.js
FNF:0
FNH:0
DA:1,1
DA:2,1
DA:5,1
DA:20,1
DA:22,1
LF:5
LH:5
BRF:0
BRH:0
end_of_record
TN:
SF:/Users/localadmin/workspace/SportsAndSocial/public/javascripts/services/getTodaysDate.js
FN:3,getTodaysDate
FNF:1
FNH:1
FNDA:1,getTodaysDate
DA:5,1
DA:6,1
DA:7,1
DA:8,1
DA:10,1
DA:11,0
DA:14,1
DA:15,1
DA:18,1
DA:21,1
DA:25,1
LF:11
LH:10
BRDA:10,0,0,0
BRDA:10,0,1,1
BRDA:14,1,0,1
BRDA:14,1,1,0
BRF:4
BRH:2
end_of_record
TN:
SF:/Users/localadmin/workspace/SportsAndSocial/public/javascripts/services/setEventStatus.js
FN:1,setEventStatus
FNF:1
FNH:0
FNDA:0,setEventStatus
DA:2,0
DA:3,0
DA:4,0
DA:5,0
DA:8,0
DA:18,0
DA:21,0
DA:33,0
DA:36,0
DA:39,1
LF:10
LH:1
BRDA:4,0,0,0
BRDA:4,0,1,0
BRDA:8,1,0,0
BRDA:8,1,1,0
BRDA:8,2,0,0
BRDA:8,2,1,0
BRDA:8,2,2,0
BRDA:8,2,3,0
BRDA:8,2,4,0
BRDA:8,2,5,0
BRDA:8,2,6,0
BRDA:8,2,7,0
BRDA:8,2,8,0
BRDA:21,3,0,0
BRDA:21,3,1,0
BRDA:21,4,0,0
BRDA:21,4,1,0
BRDA:21,4,2,0
BRDA:21,4,3,0
BRDA:21,4,4,0
BRDA:21,4,5,0
BRDA:21,4,6,0
BRDA:21,4,7,0
BRDA:21,4,8,0
BRDA:21,4,9,0
BRDA:21,4,10,0
BRF:26
BRH:0
end_of_record
TN:
SF:/Users/localadmin/workspace/SportsAndSocial/routes/index.js
FN:21,(anonymous_0)
FN:29,(anonymous_1)
FN:30,(anonymous_2)
FN:31,(anonymous_3)
FN:48,(anonymous_4)
FN:52,(anonymous_5)
FN:63,(anonymous_6)
FN:70,(anonymous_7)
FN:78,(anonymous_8)
FN:79,(anonymous_9)
FN:100,(anonymous_10)
FN:102,(anonymous_11)
FN:108,(anonymous_12)
FN:110,(anonymous_13)
FN:119,(anonymous_14)
FN:121,(anonymous_15)
FN:142,(anonymous_16)
FN:144,(anonymous_17)
FN:153,(anonymous_18)
FN:157,(anonymous_19)
FN:168,(anonymous_20)
FN:173,(anonymous_21)
FN:176,(anonymous_22)
FN:182,(anonymous_23)
FN:187,(anonymous_24)
FN:188,(anonymous_25)
FN:203,(anonymous_26)
FN:205,(anonymous_27)
FN:248,(anonymous_28)
FN:250,(anonymous_29)
FN:256,(anonymous_30)
FN:261,(anonymous_31)
FN:262,(anonymous_32)
FN:278,(anonymous_33)
FN:280,(anonymous_34)
FN:322,(anonymous_35)
FN:332,(anonymous_36)
FN:359,(anonymous_37)
FN:361,(anonymous_38)
FN:367,(anonymous_39)
FN:369,(anonymous_40)
FN:375,(anonymous_41)
FN:377,(anonymous_42)
FNF:43
FNH:31
FNDA:1,(anonymous_0)
FNDA:0,(anonymous_1)
FNDA:0,(anonymous_2)
FNDA:0,(anonymous_3)
FNDA:2,(anonymous_4)
FNDA:2,(anonymous_5)
FNDA:1,(anonymous_6)
FNDA:0,(anonymous_7)
FNDA:0,(anonymous_8)
FNDA:0,(anonymous_9)
FNDA:1,(anonymous_10)
FNDA:1,(anonymous_11)
FNDA:1,(anonymous_12)
FNDA:1,(anonymous_13)
FNDA:0,(anonymous_14)
FNDA:0,(anonymous_15)
FNDA:1,(anonymous_16)
FNDA:1,(anonymous_17)
FNDA:4,(anonymous_18)
FNDA:4,(anonymous_19)
FNDA:1,(anonymous_20)
FNDA:2,(anonymous_21)
FNDA:2,(anonymous_22)
FNDA:2,(anonymous_23)
FNDA:2,(anonymous_24)
FNDA:0,(anonymous_25)
FNDA:4,(anonymous_26)
FNDA:4,(anonymous_27)
FNDA:1,(anonymous_28)
FNDA:1,(anonymous_29)
FNDA:1,(anonymous_30)
FNDA:1,(anonymous_31)
FNDA:0,(anonymous_32)
FNDA:0,(anonymous_33)
FNDA:0,(anonymous_34)
FNDA:1,(anonymous_35)
FNDA:1,(anonymous_36)
FNDA:1,(anonymous_37)
FNDA:1,(anonymous_38)
FNDA:1,(anonymous_39)
FNDA:1,(anonymous_40)
FNDA:1,(anonymous_41)
FNDA:1,(anonymous_42)
DA:1,1
DA:2,1
DA:3,1
DA:4,1
DA:5,1
DA:6,1
DA:7,1
DA:8,1
DA:9,1
DA:10,1
DA:11,1
DA:12,1
DA:14,1
DA:16,1
DA:21,1
DA:23,1
DA:24,1
DA:27,1
DA:30,0
DA:31,0
DA:32,0
DA:33,0
DA:35,0
DA:36,0
DA:40,0
DA:45,1
DA:48,1
DA:49,2
DA:51,2
DA:54,2
DA:63,1
DA:64,1
DA:69,0
DA:73,0
DA:78,1
DA:79,0
DA:81,0
DA:82,0
DA:87,0
DA:89,0
DA:90,0
DA:92,0
DA:100,1
DA:101,1
DA:103,1
DA:108,1
DA:109,1
DA:112,1
DA:119,1
DA:121,0
DA:123,0
DA:124,0
DA:129,0
DA:131,0
DA:132,0
DA:134,0
DA:142,1
DA:143,1
DA:145,1
DA:153,1
DA:154,4
DA:156,4
DA:158,4
DA:168,1
DA:169,1
DA:173,1
DA:175,2
DA:177,2
DA:182,1
DA:183,2
DA:184,2
DA:186,2
DA:188,2
DA:189,0
DA:190,0
DA:191,0
DA:194,2
DA:203,1
DA:204,4
DA:206,4
DA:207,4
DA:210,4
DA:220,2
DA:223,4
DA:235,1
DA:239,4
DA:248,1
DA:249,1
DA:251,1
DA:256,1
DA:257,1
DA:258,1
DA:260,1
DA:262,1
DA:263,0
DA:264,0
DA:265,0
DA:269,1
DA:278,1
DA:279,0
DA:281,0
DA:282,0
DA:285,0
DA:295,0
DA:298,0
DA:310,0
DA:314,0
DA:322,1
DA:323,1
DA:324,1
DA:325,1
DA:326,1
DA:330,1
DA:333,1
DA:335,1
DA:337,24
DA:340,0
DA:343,1
DA:350,0
DA:353,0
DA:359,1
DA:360,1
DA:362,1
DA:367,1
DA:368,1
DA:370,1
DA:375,1
DA:376,1
DA:378,1
DA:384,1
LF:130
LH:90
BRDA:32,0,0,0
BRDA:32,0,1,0
BRDA:81,1,0,0
BRDA:81,1,1,0
BRDA:81,2,0,0
BRDA:81,2,1,0
BRDA:87,3,0,0
BRDA:87,3,1,0
BRDA:87,4,0,0
BRDA:87,4,1,0
BRDA:123,5,0,0
BRDA:123,5,1,0
BRDA:123,6,0,0
BRDA:123,6,1,0
BRDA:129,7,0,0
BRDA:129,7,1,0
BRDA:129,8,0,0
BRDA:129,8,1,0
BRDA:190,9,0,0
BRDA:190,9,1,0
BRDA:206,10,0,4
BRDA:206,10,1,0
BRDA:210,11,0,2
BRDA:210,11,1,2
BRDA:210,12,0,4
BRDA:210,12,1,4
BRDA:210,12,2,4
BRDA:210,12,3,4
BRDA:210,12,4,3
BRDA:210,12,5,3
BRDA:210,12,6,2
BRDA:210,12,7,2
BRDA:210,12,8,2
BRDA:223,13,0,1
BRDA:223,13,1,3
BRDA:223,14,0,4
BRDA:223,14,1,4
BRDA:223,14,2,4
BRDA:223,14,3,4
BRDA:223,14,4,3
BRDA:223,14,5,3
BRDA:223,14,6,2
BRDA:223,14,7,2
BRDA:223,14,8,2
BRDA:223,14,9,2
BRDA:223,14,10,1
BRDA:264,15,0,0
BRDA:264,15,1,0
BRDA:281,16,0,0
BRDA:281,16,1,0
BRDA:285,17,0,0
BRDA:285,17,1,0
BRDA:285,18,0,0
BRDA:285,18,1,0
BRDA:285,18,2,0
BRDA:285,18,3,0
BRDA:285,18,4,0
BRDA:285,18,5,0
BRDA:285,18,6,0
BRDA:285,18,7,0
BRDA:285,18,8,0
BRDA:298,19,0,0
BRDA:298,19,1,0
BRDA:298,20,0,0
BRDA:298,20,1,0
BRDA:298,20,2,0
BRDA:298,20,3,0
BRDA:298,20,4,0
BRDA:298,20,5,0
BRDA:298,20,6,0
BRDA:298,20,7,0
BRDA:298,20,8,0
BRDA:298,20,9,0
BRDA:298,20,10,0
BRDA:333,21,0,1
BRDA:333,21,1,0
BRDA:337,22,0,0
BRDA:337,22,1,24
BRDA:350,23,0,0
BRDA:350,23,1,0
BRF:80
BRH:27
end_of_record
